ERROR Connection to DB failed (ac)
ERROR Connection to DB failed (bpacheco)
ERROR Connection to DB failed (breee)
ERROR Connection to DB failed (breee)
ERROR Connection to DB failed (jackowens)
ERROR Connection to DB failed (jackowens)
ERROR Connection to DB failed (kirknixon)
ERROR Connection to DB failed (mai.hendrix)
ERROR Connection to DB failed (mdouglas)
ERROR Connection to DB failed (nonummy)
ERROR Connection to DB failed (oren)
ERROR Connection to DB failed (oren)
ERROR Connection to DB failed (sri)
ERROR Permission denied while closing ticket (ac)
ERROR Permission denied while closing ticket (ahmed.miller)
ERROR Permission denied while closing ticket (blossom)
ERROR Permission denied while closing ticket (britanni)
ERROR Permission denied while closing ticket (enim.non)
ERROR Permission denied while closing ticket (flavia)
ERROR Permission denied while closing ticket (mai.hendrix)
ERROR Permission denied while closing ticket (montanap)
ERROR Permission denied while closing ticket (montanap)
ERROR Permission denied while closing ticket (rr.robinson)
ERROR The ticket was modified while updating (blossom)
ERROR The ticket was modified while updating (bpacheco)
ERROR The ticket was modified while updating (breee)
ERROR The ticket was modified while updating (breee)
ERROR The ticket was modified while updating (enim.non)
ERROR The ticket was modified while updating (flavia)
ERROR The ticket was modified while updating (mcintosh)
ERROR The ticket was modified while updating (mdouglas)
ERROR The ticket was modified while updating (noel)
ERROR Ticket doesn't exist (blossom)
ERROR Ticket doesn't exist (blossom)
ERROR Ticket doesn't exist (enim.non)
ERROR Ticket doesn't exist (flavia)
ERROR Ticket doesn't exist (flavia)
ERROR Ticket doesn't exist (nonummy)
ERROR Ticket doesn't exist (xlg)
ERROR Timeout while retrieving information (ahmed.miller)
ERROR Timeout while retrieving information (ahmed.miller)
ERROR Timeout while retrieving information (blossom)
ERROR Timeout while retrieving information (blossom)
ERROR Timeout while retrieving information (flavia)
ERROR Timeout while retrieving information (mai.hendrix)
ERROR Timeout while retrieving information (mcintosh)
ERROR Timeout while retrieving information (montanap)
ERROR Timeout while retrieving information (montanap)
ERROR Timeout while retrieving information (oren)
ERROR Timeout while retrieving information (oren)
ERROR Timeout while retrieving information (oren)
ERROR Timeout while retrieving information (xlg)
ERROR Timeout while retrieving information (xlg)
ERROR Timeout while retrieving information (xlg)
ERROR Tried to add information to closed ticket (ahmed.miller)
ERROR Tried to add information to closed ticket (breee)
ERROR Tried to add information to closed ticket (jackowens)
ERROR Tried to add information to closed ticket (jackowens)
ERROR Tried to add information to closed ticket (mcintosh)
ERROR Tried to add information to closed ticket (mdouglas)
ERROR Tried to add information to closed ticket (noel)
ERROR Tried to add information to closed ticket (noel)
ERROR Tried to add information to closed ticket (nonummy)
ERROR Tried to add information to closed ticket (oren)
ERROR Tried to add information to closed ticket (oren)
ERROR Tried to add information to closed ticket (sri)
