INFO Closed ticket [#1712] (britanni)
INFO Closed ticket [#1754] (noel)
INFO Closed ticket [#2452] (jackowens)
INFO Closed ticket [#3297] (kirknixon)
INFO Closed ticket [#4372] (oren)
INFO Closed ticket [#7333] (enim.non)
INFO Closed ticket [#7948] (noel)
INFO Closed ticket [#8604] (mcintosh)
INFO Closed ticket [#8685] (rr.robinson)
INFO Closed ticket [#9876] (blossom)
INFO Commented on ticket [#1097] (breee)
INFO Commented on ticket [#1653] (noel)
INFO Commented on ticket [#2253] (nonummy)
INFO Commented on ticket [#2389] (sri)
INFO Commented on ticket [#3813] (mcintosh)
INFO Commented on ticket [#4225] (noel)
INFO Commented on ticket [#4562] (ac)
INFO Commented on ticket [#4709] (blossom)
INFO Commented on ticket [#6518] (rr.robinson)
INFO Commented on ticket [#7159] (ahmed.miller)
INFO Commented on ticket [#7255] (oren)
INFO Commented on ticket [#8385] (mdouglas)
INFO Commented on ticket [#8628] (noel)
INFO Created ticket [#2461] (jackowens)
INFO Created ticket [#2860] (mcintosh)
INFO Created ticket [#4217] (mdouglas)
INFO Created ticket [#5455] (ac)
INFO Created ticket [#5784] (sri)
INFO Created ticket [#5896] (mcintosh)
INFO Created ticket [#6361] (enim.non)
INFO Created ticket [#7115] (noel)
INFO Created ticket [#7298] (ahmed.miller)
INFO Created ticket [#7737] (nonummy)
INFO Created ticket [#7897] (kirknixon)
